<?xml version="1.0" encoding="UTF-8"?>
<!-- Generated by org.testng.reporters.JUnitXMLReporter -->
<testsuite ignored="1" hostname="tekdi" failures="0" tests="4" name="Test" time="56.199" errors="0" timestamp="2023-11-22T14:17:41 IST">
  <testcase classname="pom.test.Ip_Login_Test" name="LM_L_LIP" time="4.289"/>
  <testcase classname="pom.test.Prerak_Login_Test" name="LM_L_LP" time="5.937"/>
  <testcase classname="pom.test.Prerak_Edit_Test" name="PM_PPE_PP_PrerakHome" time="17.26"/>
  <testcase classname="pom.test.Prerak_Edit_Test" name="PM_PPE_PP_EditPrerakDetails_editName" time="22.248"/>
  <testcase classname="pom.test.Prerak_Edit_Test" name="PM_PPE_PP_EditPrerakDetails_editAddress" time="0.0">
    <ignored/>
  </testcase> <!-- PM_PPE_PP_EditPrerakDetails_editAddress -->
</testsuite> <!-- Test -->
