<?xml version="1.0" encoding="UTF-8"?>
<testng-results ignored="0" total="4" passed="4" failed="0" skipped="0">
  <reporter-output>
  </reporter-output>
  <suite started-at="2023-11-22T12:01:05 IST" name="Suite" finished-at="2023-11-22T12:02:22 IST" duration-ms="76680">
    <groups>
    </groups>
    <test started-at="2023-11-22T12:01:05 IST" name="Test" finished-at="2023-11-22T12:02:22 IST" duration-ms="76680">
      <class name="pom.test.Prerak_Edit_Test">
        <test-method is-config="true" signature="generatereport()[pri:0, instance:pom.test.Prerak_Edit_Test@1623b78d]" started-at="2023-11-22T12:01:05 IST" name="generatereport" finished-at="2023-11-22T12:01:05 IST" duration-ms="2" status="PASS">
          <reporter-output>
          </reporter-output>
        </test-method> <!-- generatereport -->
        <test-method is-config="true" signature="setupopen()[pri:0, instance:pom.test.Prerak_Edit_Test@1623b78d]" started-at="2023-11-22T12:01:33 IST" name="setupopen" finished-at="2023-11-22T12:01:34 IST" duration-ms="984" status="PASS">
          <reporter-output>
          </reporter-output>
        </test-method> <!-- setupopen -->
        <test-method signature="PM_PPE_PP_PrerakHome(java.lang.reflect.Method)[pri:0, instance:pom.test.Prerak_Edit_Test@1623b78d]" started-at="2023-11-22T12:01:34 IST" name="PM_PPE_PP_PrerakHome" finished-at="2023-11-22T12:01:50 IST" duration-ms="15728" status="PASS">
          <params>
            <param index="0">
              <value>
                <![CDATA[public void pom.test.Prerak_Edit_Test.PM_PPE_PP_PrerakHome(java.lang.reflect.Method)]]>
              </value>
            </param>
          </params>
          <reporter-output>
          </reporter-output>
        </test-method> <!-- PM_PPE_PP_PrerakHome -->
        <test-method is-config="true" signature="setupclose(org.testng.ITestResult)[pri:0, instance:pom.test.Prerak_Edit_Test@1623b78d]" started-at="2023-11-22T12:01:50 IST" name="setupclose" finished-at="2023-11-22T12:01:50 IST" duration-ms="59" status="PASS">
          <params>
            <param index="0">
              <value>
                <![CDATA[[TestResult name=PM_PPE_PP_PrerakHome status=SUCCESS method=Prerak_Edit_Test.PM_PPE_PP_PrerakHome(java.lang.reflect.Method)[pri:0, instance:pom.test.Prerak_Edit_Test@1623b78d] output={null}]]]>
              </value>
            </param>
          </params>
          <reporter-output>
          </reporter-output>
        </test-method> <!-- setupclose -->
        <test-method is-config="true" signature="setupopen()[pri:0, instance:pom.test.Prerak_Edit_Test@1623b78d]" started-at="2023-11-22T12:01:50 IST" name="setupopen" finished-at="2023-11-22T12:01:51 IST" duration-ms="782" status="PASS">
          <reporter-output>
          </reporter-output>
        </test-method> <!-- setupopen -->
        <test-method signature="PM_PPE_PP_EditPrerakDetails_editName(java.lang.String,java.lang.String,java.lang.String,java.lang.String,java.lang.String,java.lang.String,java.lang.reflect.Method)[pri:1, instance:pom.test.Prerak_Edit_Test@1623b78d]" started-at="2023-11-22T12:01:51 IST" name="PM_PPE_PP_EditPrerakDetails_editName" data-provider="editName" finished-at="2023-11-22T12:02:21 IST" duration-ms="30706" status="PASS">
          <params>
            <param index="0">
              <value>
                <![CDATA[Varun]]>
              </value>
            </param>
            <param index="1">
              <value>
                <![CDATA[Vishwas]]>
              </value>
            </param>
            <param index="2">
              <value>
                <![CDATA[Bhosale]]>
              </value>
            </param>
            <param index="3">
              <value>
                <![CDATA[1995]]>
              </value>
            </param>
            <param index="4">
              <value>
                <![CDATA[04]]>
              </value>
            </param>
            <param index="5">
              <value>
                <![CDATA[16]]>
              </value>
            </param>
            <param index="6">
              <value>
                <![CDATA[public void pom.test.Prerak_Edit_Test.PM_PPE_PP_EditPrerakDetails_editName(java.lang.String,java.lang.String,java.lang.String,java.lang.String,java.lang.String,java.lang.String,java.lang.reflect.Method)]]>
              </value>
            </param>
          </params>
          <reporter-output>
          </reporter-output>
        </test-method> <!-- PM_PPE_PP_EditPrerakDetails_editName -->
        <test-method is-config="true" signature="setupclose(org.testng.ITestResult)[pri:0, instance:pom.test.Prerak_Edit_Test@1623b78d]" started-at="2023-11-22T12:02:21 IST" name="setupclose" finished-at="2023-11-22T12:02:22 IST" duration-ms="57" status="PASS">
          <params>
            <param index="0">
              <value>
                <![CDATA[[TestResult name=PM_PPE_PP_EditPrerakDetails_editName status=SUCCESS method=Prerak_Edit_Test.PM_PPE_PP_EditPrerakDetails_editName(java.lang.String,java.lang.String,java.lang.String,java.lang.String,java.lang.String,java.lang.String,java.lang.reflect.Method)[pri:1, instance:pom.test.Prerak_Edit_Test@1623b78d] output={null}]]]>
              </value>
            </param>
          </params>
          <reporter-output>
          </reporter-output>
        </test-method> <!-- setupclose -->
        <test-method is-config="true" signature="reportFlush()[pri:0, instance:pom.test.Prerak_Edit_Test@1623b78d]" started-at="2023-11-22T12:02:22 IST" name="reportFlush" finished-at="2023-11-22T12:02:22 IST" duration-ms="33" status="PASS">
          <reporter-output>
          </reporter-output>
        </test-method> <!-- reportFlush -->
      </class> <!-- pom.test.Prerak_Edit_Test -->
      <class name="pom.test.Prerak_Login_Test">
        <test-method is-config="true" signature="generatereport()[pri:0, instance:pom.test.Prerak_Login_Test@5c33f1a9]" started-at="2023-11-22T12:01:05 IST" name="generatereport" finished-at="2023-11-22T12:01:05 IST" duration-ms="2" status="PASS">
          <reporter-output>
          </reporter-output>
        </test-method> <!-- generatereport -->
        <test-method is-config="true" signature="setupopen()[pri:0, instance:pom.test.Prerak_Login_Test@5c33f1a9]" started-at="2023-11-22T12:01:27 IST" name="setupopen" finished-at="2023-11-22T12:01:28 IST" duration-ms="827" status="PASS">
          <reporter-output>
          </reporter-output>
        </test-method> <!-- setupopen -->
        <test-method signature="LM_L_LP(java.lang.String,java.lang.String,java.lang.reflect.Method)[pri:0, instance:pom.test.Prerak_Login_Test@5c33f1a9]" started-at="2023-11-22T12:01:28 IST" name="LM_L_LP" data-provider="prerak_login" finished-at="2023-11-22T12:01:33 IST" duration-ms="5367" status="PASS">
          <params>
            <param index="0">
              <value>
                <![CDATA[varunb_b_9960051486]]>
              </value>
            </param>
            <param index="1">
              <value>
                <![CDATA[@6qFUHkji]]>
              </value>
            </param>
            <param index="2">
              <value>
                <![CDATA[public void pom.test.Prerak_Login_Test.LM_L_LP(java.lang.String,java.lang.String,java.lang.reflect.Method)]]>
              </value>
            </param>
          </params>
          <reporter-output>
          </reporter-output>
        </test-method> <!-- LM_L_LP -->
        <test-method is-config="true" signature="setupclose(org.testng.ITestResult)[pri:0, instance:pom.test.Prerak_Login_Test@5c33f1a9]" started-at="2023-11-22T12:01:33 IST" name="setupclose" finished-at="2023-11-22T12:01:33 IST" duration-ms="62" status="PASS">
          <params>
            <param index="0">
              <value>
                <![CDATA[[TestResult name=LM_L_LP status=SUCCESS method=Prerak_Login_Test.LM_L_LP(java.lang.String,java.lang.String,java.lang.reflect.Method)[pri:0, instance:pom.test.Prerak_Login_Test@5c33f1a9] output={null}]]]>
              </value>
            </param>
          </params>
          <reporter-output>
          </reporter-output>
        </test-method> <!-- setupclose -->
        <test-method is-config="true" signature="reportFlush()[pri:0, instance:pom.test.Prerak_Login_Test@5c33f1a9]" started-at="2023-11-22T12:01:33 IST" name="reportFlush" finished-at="2023-11-22T12:01:33 IST" duration-ms="42" status="PASS">
          <reporter-output>
          </reporter-output>
        </test-method> <!-- reportFlush -->
      </class> <!-- pom.test.Prerak_Login_Test -->
      <class name="pom.test.Ip_Login_Test">
        <test-method is-config="true" signature="generatereport()[pri:0, instance:pom.test.Ip_Login_Test@3febb011]" started-at="2023-11-22T12:01:05 IST" name="generatereport" finished-at="2023-11-22T12:01:05 IST" duration-ms="325" status="PASS">
          <reporter-output>
          </reporter-output>
        </test-method> <!-- generatereport -->
        <test-method is-config="true" signature="setupopen()[pri:0, instance:pom.test.Ip_Login_Test@3febb011]" started-at="2023-11-22T12:01:06 IST" name="setupopen" finished-at="2023-11-22T12:01:08 IST" duration-ms="1606" status="PASS">
          <reporter-output>
          </reporter-output>
        </test-method> <!-- setupopen -->
        <test-method signature="LM_L_LIP(java.lang.String,java.lang.String,java.lang.reflect.Method)[pri:0, instance:pom.test.Ip_Login_Test@3febb011]" started-at="2023-11-22T12:01:08 IST" name="LM_L_LIP" data-provider="EG_login" finished-at="2023-11-22T12:01:24 IST" duration-ms="16614" status="PASS">
          <params>
            <param index="0">
              <value>
                <![CDATA[eg_admin]]>
              </value>
            </param>
            <param index="1">
              <value>
                <![CDATA[EgAdmiN1]]>
              </value>
            </param>
            <param index="2">
              <value>
                <![CDATA[public void pom.test.Ip_Login_Test.LM_L_LIP(java.lang.String,java.lang.String,java.lang.reflect.Method)]]>
              </value>
            </param>
          </params>
          <reporter-output>
          </reporter-output>
        </test-method> <!-- LM_L_LIP -->
        <test-method is-config="true" signature="setupclose(org.testng.ITestResult)[pri:0, instance:pom.test.Ip_Login_Test@3febb011]" started-at="2023-11-22T12:01:24 IST" name="setupclose" finished-at="2023-11-22T12:01:25 IST" duration-ms="340" status="PASS">
          <params>
            <param index="0">
              <value>
                <![CDATA[[TestResult name=LM_L_LIP status=SUCCESS method=Ip_Login_Test.LM_L_LIP(java.lang.String,java.lang.String,java.lang.reflect.Method)[pri:0, instance:pom.test.Ip_Login_Test@3febb011] output={null}]]]>
              </value>
            </param>
          </params>
          <reporter-output>
          </reporter-output>
        </test-method> <!-- setupclose -->
        <test-method is-config="true" signature="reportFlush()[pri:0, instance:pom.test.Ip_Login_Test@3febb011]" started-at="2023-11-22T12:01:25 IST" name="reportFlush" finished-at="2023-11-22T12:01:27 IST" duration-ms="2006" status="PASS">
          <reporter-output>
          </reporter-output>
        </test-method> <!-- reportFlush -->
      </class> <!-- pom.test.Ip_Login_Test -->
    </test> <!-- Test -->
  </suite> <!-- Suite -->
</testng-results>
