<?xml version="1.0" encoding="UTF-8"?>
<testng-results ignored="0" total="4" passed="4" failed="0" skipped="0">
  <reporter-output>
  </reporter-output>
  <suite started-at="2023-11-22T14:16:45 IST" name="Suite" finished-at="2023-11-22T14:17:41 IST" duration-ms="56199">
    <groups>
    </groups>
    <test started-at="2023-11-22T14:16:45 IST" name="Test" finished-at="2023-11-22T14:17:41 IST" duration-ms="56199">
      <class name="pom.test.Prerak_Edit_Test">
        <test-method is-config="true" signature="generatereport()[pri:0, instance:pom.test.Prerak_Edit_Test@1623b78d]" started-at="2023-11-22T14:16:45 IST" name="generatereport" finished-at="2023-11-22T14:16:45 IST" duration-ms="2" status="PASS">
          <reporter-output>
          </reporter-output>
        </test-method> <!-- generatereport -->
        <test-method is-config="true" signature="setupopen()[pri:0, instance:pom.test.Prerak_Edit_Test@1623b78d]" started-at="2023-11-22T14:17:00 IST" name="setupopen" finished-at="2023-11-22T14:17:01 IST" duration-ms="893" status="PASS">
          <reporter-output>
          </reporter-output>
        </test-method> <!-- setupopen -->
        <test-method signature="PM_PPE_PP_PrerakHome(java.lang.reflect.Method)[pri:0, instance:pom.test.Prerak_Edit_Test@1623b78d]" started-at="2023-11-22T14:17:01 IST" name="PM_PPE_PP_PrerakHome" finished-at="2023-11-22T14:17:18 IST" duration-ms="17260" status="PASS">
          <params>
            <param index="0">
              <value>
                <![CDATA[public void pom.test.Prerak_Edit_Test.PM_PPE_PP_PrerakHome(java.lang.reflect.Method)]]>
              </value>
            </param>
          </params>
          <reporter-output>
          </reporter-output>
        </test-method> <!-- PM_PPE_PP_PrerakHome -->
        <test-method is-config="true" signature="setupclose(org.testng.ITestResult)[pri:0, instance:pom.test.Prerak_Edit_Test@1623b78d]" started-at="2023-11-22T14:17:18 IST" name="setupclose" finished-at="2023-11-22T14:17:18 IST" duration-ms="59" status="PASS">
          <params>
            <param index="0">
              <value>
                <![CDATA[[TestResult name=PM_PPE_PP_PrerakHome status=SUCCESS method=Prerak_Edit_Test.PM_PPE_PP_PrerakHome(java.lang.reflect.Method)[pri:0, instance:pom.test.Prerak_Edit_Test@1623b78d] output={null}]]]>
              </value>
            </param>
          </params>
          <reporter-output>
          </reporter-output>
        </test-method> <!-- setupclose -->
        <test-method is-config="true" signature="setupopen()[pri:0, instance:pom.test.Prerak_Edit_Test@1623b78d]" started-at="2023-11-22T14:17:18 IST" name="setupopen" finished-at="2023-11-22T14:17:19 IST" duration-ms="858" status="PASS">
          <reporter-output>
          </reporter-output>
        </test-method> <!-- setupopen -->
        <test-method signature="PM_PPE_PP_EditPrerakDetails_editName(java.lang.String,java.lang.String,java.lang.String,java.lang.String,java.lang.String,java.lang.String,java.lang.reflect.Method)[pri:1, instance:pom.test.Prerak_Edit_Test@1623b78d]" started-at="2023-11-22T14:17:19 IST" name="PM_PPE_PP_EditPrerakDetails_editName" data-provider="editName" finished-at="2023-11-22T14:17:41 IST" duration-ms="22248" status="PASS">
          <params>
            <param index="0">
              <value>
                <![CDATA[Varun]]>
              </value>
            </param>
            <param index="1">
              <value>
                <![CDATA[Vishwas]]>
              </value>
            </param>
            <param index="2">
              <value>
                <![CDATA[Bhosale]]>
              </value>
            </param>
            <param index="3">
              <value>
                <![CDATA[1995]]>
              </value>
            </param>
            <param index="4">
              <value>
                <![CDATA[04]]>
              </value>
            </param>
            <param index="5">
              <value>
                <![CDATA[16]]>
              </value>
            </param>
            <param index="6">
              <value>
                <![CDATA[public void pom.test.Prerak_Edit_Test.PM_PPE_PP_EditPrerakDetails_editName(java.lang.String,java.lang.String,java.lang.String,java.lang.String,java.lang.String,java.lang.String,java.lang.reflect.Method)]]>
              </value>
            </param>
          </params>
          <reporter-output>
          </reporter-output>
        </test-method> <!-- PM_PPE_PP_EditPrerakDetails_editName -->
        <test-method is-config="true" signature="setupclose(org.testng.ITestResult)[pri:0, instance:pom.test.Prerak_Edit_Test@1623b78d]" started-at="2023-11-22T14:17:41 IST" name="setupclose" finished-at="2023-11-22T14:17:41 IST" duration-ms="60" status="PASS">
          <params>
            <param index="0">
              <value>
                <![CDATA[[TestResult name=PM_PPE_PP_EditPrerakDetails_editName status=SUCCESS method=Prerak_Edit_Test.PM_PPE_PP_EditPrerakDetails_editName(java.lang.String,java.lang.String,java.lang.String,java.lang.String,java.lang.String,java.lang.String,java.lang.reflect.Method)[pri:1, instance:pom.test.Prerak_Edit_Test@1623b78d] output={null}]]]>
              </value>
            </param>
          </params>
          <reporter-output>
          </reporter-output>
        </test-method> <!-- setupclose -->
        <test-method is-config="true" signature="reportFlush()[pri:0, instance:pom.test.Prerak_Edit_Test@1623b78d]" started-at="2023-11-22T14:17:41 IST" name="reportFlush" finished-at="2023-11-22T14:17:41 IST" duration-ms="34" status="PASS">
          <reporter-output>
          </reporter-output>
        </test-method> <!-- reportFlush -->
      </class> <!-- pom.test.Prerak_Edit_Test -->
      <class name="pom.test.Prerak_Login_Test">
        <test-method is-config="true" signature="generatereport()[pri:0, instance:pom.test.Prerak_Login_Test@5c33f1a9]" started-at="2023-11-22T14:16:45 IST" name="generatereport" finished-at="2023-11-22T14:16:45 IST" duration-ms="2" status="PASS">
          <reporter-output>
          </reporter-output>
        </test-method> <!-- generatereport -->
        <test-method is-config="true" signature="setupopen()[pri:0, instance:pom.test.Prerak_Login_Test@5c33f1a9]" started-at="2023-11-22T14:16:53 IST" name="setupopen" finished-at="2023-11-22T14:16:54 IST" duration-ms="829" status="PASS">
          <reporter-output>
          </reporter-output>
        </test-method> <!-- setupopen -->
        <test-method signature="LM_L_LP(java.lang.String,java.lang.String,java.lang.reflect.Method)[pri:0, instance:pom.test.Prerak_Login_Test@5c33f1a9]" started-at="2023-11-22T14:16:54 IST" name="LM_L_LP" data-provider="prerak_login" finished-at="2023-11-22T14:17:00 IST" duration-ms="5937" status="PASS">
          <params>
            <param index="0">
              <value>
                <![CDATA[varunb_b_9960051486]]>
              </value>
            </param>
            <param index="1">
              <value>
                <![CDATA[@6qFUHkji]]>
              </value>
            </param>
            <param index="2">
              <value>
                <![CDATA[public void pom.test.Prerak_Login_Test.LM_L_LP(java.lang.String,java.lang.String,java.lang.reflect.Method)]]>
              </value>
            </param>
          </params>
          <reporter-output>
          </reporter-output>
        </test-method> <!-- LM_L_LP -->
        <test-method is-config="true" signature="setupclose(org.testng.ITestResult)[pri:0, instance:pom.test.Prerak_Login_Test@5c33f1a9]" started-at="2023-11-22T14:17:00 IST" name="setupclose" finished-at="2023-11-22T14:17:00 IST" duration-ms="60" status="PASS">
          <params>
            <param index="0">
              <value>
                <![CDATA[[TestResult name=LM_L_LP status=SUCCESS method=Prerak_Login_Test.LM_L_LP(java.lang.String,java.lang.String,java.lang.reflect.Method)[pri:0, instance:pom.test.Prerak_Login_Test@5c33f1a9] output={null}]]]>
              </value>
            </param>
          </params>
          <reporter-output>
          </reporter-output>
        </test-method> <!-- setupclose -->
        <test-method is-config="true" signature="reportFlush()[pri:0, instance:pom.test.Prerak_Login_Test@5c33f1a9]" started-at="2023-11-22T14:17:00 IST" name="reportFlush" finished-at="2023-11-22T14:17:00 IST" duration-ms="30" status="PASS">
          <reporter-output>
          </reporter-output>
        </test-method> <!-- reportFlush -->
      </class> <!-- pom.test.Prerak_Login_Test -->
      <class name="pom.test.Ip_Login_Test">
        <test-method is-config="true" signature="generatereport()[pri:0, instance:pom.test.Ip_Login_Test@3febb011]" started-at="2023-11-22T14:16:45 IST" name="generatereport" finished-at="2023-11-22T14:16:45 IST" duration-ms="344" status="PASS">
          <reporter-output>
          </reporter-output>
        </test-method> <!-- generatereport -->
        <test-method is-config="true" signature="setupopen()[pri:0, instance:pom.test.Ip_Login_Test@3febb011]" started-at="2023-11-22T14:16:46 IST" name="setupopen" finished-at="2023-11-22T14:16:48 IST" duration-ms="1716" status="PASS">
          <reporter-output>
          </reporter-output>
        </test-method> <!-- setupopen -->
        <test-method signature="LM_L_LIP(java.lang.String,java.lang.String,java.lang.reflect.Method)[pri:0, instance:pom.test.Ip_Login_Test@3febb011]" started-at="2023-11-22T14:16:48 IST" name="LM_L_LIP" data-provider="EG_login" finished-at="2023-11-22T14:16:52 IST" duration-ms="4289" status="PASS">
          <params>
            <param index="0">
              <value>
                <![CDATA[eg_admin]]>
              </value>
            </param>
            <param index="1">
              <value>
                <![CDATA[EgAdmiN1]]>
              </value>
            </param>
            <param index="2">
              <value>
                <![CDATA[public void pom.test.Ip_Login_Test.LM_L_LIP(java.lang.String,java.lang.String,java.lang.reflect.Method)]]>
              </value>
            </param>
          </params>
          <reporter-output>
          </reporter-output>
        </test-method> <!-- LM_L_LIP -->
        <test-method is-config="true" signature="setupclose(org.testng.ITestResult)[pri:0, instance:pom.test.Ip_Login_Test@3febb011]" started-at="2023-11-22T14:16:52 IST" name="setupclose" finished-at="2023-11-22T14:16:52 IST" duration-ms="64" status="PASS">
          <params>
            <param index="0">
              <value>
                <![CDATA[[TestResult name=LM_L_LIP status=SUCCESS method=Ip_Login_Test.LM_L_LIP(java.lang.String,java.lang.String,java.lang.reflect.Method)[pri:0, instance:pom.test.Ip_Login_Test@3febb011] output={null}]]]>
              </value>
            </param>
          </params>
          <reporter-output>
          </reporter-output>
        </test-method> <!-- setupclose -->
        <test-method is-config="true" signature="reportFlush()[pri:0, instance:pom.test.Ip_Login_Test@3febb011]" started-at="2023-11-22T14:16:52 IST" name="reportFlush" finished-at="2023-11-22T14:16:53 IST" duration-ms="435" status="PASS">
          <reporter-output>
          </reporter-output>
        </test-method> <!-- reportFlush -->
      </class> <!-- pom.test.Ip_Login_Test -->
    </test> <!-- Test -->
  </suite> <!-- Suite -->
</testng-results>
